C51 COMPILER V9.60.0.0   LAPNUM                                                            03/05/2022 21:41:02 PAGE 1   


C51 COMPILER V9.60.0.0, COMPILATION OF MODULE LAPNUM
OBJECT MODULE PLACED IN .\Objects\LapNum.obj
COMPILER INVOKED BY: F:\keil5\save\C51\BIN\C51.EXE LapNum.c OPTIMIZE(8,SPEED) BROWSE DEBUG OBJECTEXTEND PRINT(.\Listings
                    -\LapNum.lst) TABS(2) OBJECT(.\Objects\LapNum.obj)

line level    source

   1          #include <REGX52.H>
   2          #include "Delay.h"
   3          unsigned char LapTable[]={0x3F,0x06,0x5B,0x4F,0x66,0x6D,0x7D,0x07,0x7F,0x6F};
   4          
   5          void LapNum(unsigned char Location,Number)
   6          {
   7   1        switch(Location)
   8   1      {
   9   2        case1:P2_4=1;P2_3=1;P2_2=1;break; 
  10   2        case2:P2_4=1;P2_3=1;P2_2=0;break;
  11   2        case3:P2_4=1;P2_3=0;P2_2=1;break;
  12   2        case4:P2_4=1;P2_3=0;P2_2=0;break;
  13   2        case5:P2_4=0;P2_3=1;P2_2=1;break;
  14   2        case6:P2_4=0;P2_3=1;P2_2=0;break;
  15   2        case7:P2_4=0;P2_3=0;P2_2=1;break;
  16   2        case8:P2_4=0;P2_3=0;P2_2=0;break;
  17   2      }
  18   1      //
  19   1        P0=LapTable[Number];
  20   1      //消影
  21   1        Delay(1);
  22   1        P0=0x00;
  23   1      }
*** WARNING C280 IN LINE 9 OF LapNum.c: 'case1': unreferenced label
*** WARNING C280 IN LINE 10 OF LapNum.c: 'case2': unreferenced label
*** WARNING C280 IN LINE 11 OF LapNum.c: 'case3': unreferenced label
*** WARNING C280 IN LINE 12 OF LapNum.c: 'case4': unreferenced label
*** WARNING C280 IN LINE 13 OF LapNum.c: 'case5': unreferenced label
*** WARNING C280 IN LINE 14 OF LapNum.c: 'case6': unreferenced label
*** WARNING C280 IN LINE 15 OF LapNum.c: 'case7': unreferenced label
*** WARNING C280 IN LINE 16 OF LapNum.c: 'case8': unreferenced label
  24          


MODULE INFORMATION:   STATIC OVERLAYABLE
   CODE SIZE        =     18    ----
   CONSTANT SIZE    =   ----    ----
   XDATA SIZE       =   ----    ----
   PDATA SIZE       =   ----    ----
   DATA SIZE        =     10    ----
   IDATA SIZE       =   ----    ----
   BIT SIZE         =   ----    ----
END OF MODULE INFORMATION.


C51 COMPILATION COMPLETE.  8 WARNING(S),  0 ERROR(S)
